app/build/intermediates/manifest_merge_blame_file/debug/manifest-merger-blame-debug-report.txt
1<?xml version="1.0" encoding="utf-8"?>
2<manifest xmlns:android="http://schemas.android.com/apk/res/android"
3    package="org.tensorflow.codelabs.objectdetection"
4    android:versionCode="1"
5    android:versionName="1.0" >
6
7    <uses-sdk
8        android:minSdkVersion="23"
8-->src/main/AndroidManifest.xml
9        android:targetSdkVersion="30" />
9-->src/main/AndroidManifest.xml
10
11    <uses-permission android:name="android.permission.READ_EXTERNAL_STORAGE" />
11-->src/main/AndroidManifest.xml:5:5-80
11-->src/main/AndroidManifest.xml:5:22-77
12    <uses-permission android:name="android.permission.WRITE_EXTERNAL_STORAGE" />
12-->src/main/AndroidManifest.xml:6:5-81
12-->src/main/AndroidManifest.xml:6:22-78
13
14    <queries>
14-->src/main/AndroidManifest.xml:8:5-12:15
15        <intent>
15-->src/main/AndroidManifest.xml:9:9-11:18
16            <action android:name="android.media.action.IMAGE_CAPTURE" />
16-->src/main/AndroidManifest.xml:10:13-73
16-->src/main/AndroidManifest.xml:10:21-70
17        </intent>
18    </queries>
19
20    <uses-permission android:name="android.permission.READ_PHONE_STATE" />
21
22    <application
22-->src/main/AndroidManifest.xml:14:5-47:19
23        android:allowBackup="true"
23-->src/main/AndroidManifest.xml:15:9-35
24        android:appComponentFactory="androidx.core.app.CoreComponentFactory"
24-->[androidx.core:core:1.3.2] AndroidManifest.xml:24:18-86
25        android:debuggable="true"
26        android:extractNativeLibs="false"
27        android:icon="@drawable/applogo"
27-->src/main/AndroidManifest.xml:16:9-41
28        android:label="Object Detection"
28-->src/main/AndroidManifest.xml:17:9-41
29        android:roundIcon="@drawable/applogo"
29-->src/main/AndroidManifest.xml:18:9-46
30        android:supportsRtl="true"
30-->src/main/AndroidManifest.xml:19:9-35
31        android:testOnly="true"
32        android:theme="@style/Theme.ObjectDetection" >
32-->src/main/AndroidManifest.xml:20:9-53
33        <activity
33-->src/main/AndroidManifest.xml:21:9-33:20
34            android:name="org.tensorflow.codelabs.objectdetection.splashScreen"
34-->src/main/AndroidManifest.xml:22:13-41
35            android:exported="true"
35-->src/main/AndroidManifest.xml:24:13-36
36            android:theme="@style/AppTheme.Splash" >
36-->src/main/AndroidManifest.xml:23:13-51
37            <intent-filter>
37-->src/main/AndroidManifest.xml:25:13-29:29
38                <action android:name="android.intent.action.MAIN" />
38-->src/main/AndroidManifest.xml:26:17-69
38-->src/main/AndroidManifest.xml:26:25-66
39
40                <category android:name="android.intent.category.LAUNCHER" />
40-->src/main/AndroidManifest.xml:28:17-77
40-->src/main/AndroidManifest.xml:28:27-74
41            </intent-filter>
42
43            <meta-data
43-->src/main/AndroidManifest.xml:30:13-32:36
44                android:name="android.app.lib_name"
44-->src/main/AndroidManifest.xml:31:17-52
45                android:value="" />
45-->src/main/AndroidManifest.xml:32:17-33
46        </activity>
47        <activity android:name="org.tensorflow.codelabs.objectdetection.MainActivity" >
47-->src/main/AndroidManifest.xml:34:9-36:20
47-->src/main/AndroidManifest.xml:34:19-47
48        </activity>
49
50        <provider
50-->src/main/AndroidManifest.xml:38:9-46:20
51            android:name="androidx.core.content.FileProvider"
51-->src/main/AndroidManifest.xml:39:13-62
52            android:authorities="org.tensorflow.codelabs.objectdetection.fileprovider"
52-->src/main/AndroidManifest.xml:40:13-87
53            android:exported="false"
53-->src/main/AndroidManifest.xml:41:13-37
54            android:grantUriPermissions="true" >
54-->src/main/AndroidManifest.xml:42:13-47
55            <meta-data
55-->src/main/AndroidManifest.xml:43:13-45:54
56                android:name="android.support.FILE_PROVIDER_PATHS"
56-->src/main/AndroidManifest.xml:44:17-67
57                android:resource="@xml/file_paths" />
57-->src/main/AndroidManifest.xml:45:17-51
58        </provider>
59
60        <activity
60-->[com.karumi:dexter:6.0.1] AndroidManifest.xml:27:9-29:72
61            android:name="com.karumi.dexter.DexterActivity"
61-->[com.karumi:dexter:6.0.1] AndroidManifest.xml:28:13-60
62            android:theme="@style/Dexter.Internal.Theme.Transparent" />
62-->[com.karumi:dexter:6.0.1] AndroidManifest.xml:29:13-69
63    </application>
64
65</manifest>